GROUP,PACKAGE,CLASS,INSTRUCTION_MISSED,INSTRUCTION_COVERED,BRANCH_MISSED,BRANCH_COVERED,LINE_MISSED,LINE_COVERED,COMPLEXITY_MISSED,COMPLEXITY_COVERED,METHOD_MISSED,METHOD_COVERED
Aggregate Test Coverage,nl.b3p.tailormap.api.geotools.referencing,ReferencingHelper,17,43,1,1,5,10,2,2,1,2
Aggregate Test Coverage,nl.b3p.tailormap.api.controller,ComponentsController,0,98,1,3,0,26,1,6,0,5
Aggregate Test Coverage,nl.b3p.tailormap.api.controller,MapController,156,922,26,94,47,221,26,44,0,10
Aggregate Test Coverage,nl.b3p.tailormap.api.controller,FeaturesController,678,92,52,10,190,20,35,7,7,4
Aggregate Test Coverage,nl.b3p.tailormap.api.controller,AppController,5,208,2,18,1,52,2,13,0,5
Aggregate Test Coverage,nl.b3p.tailormap.api.controller,VersionController,2,64,1,3,0,9,1,3,0,2
Aggregate Test Coverage,nl.b3p.tailormap.api.health,TailormapHealthIndicator,19,36,2,2,4,9,2,2,0,2
Aggregate Test Coverage,nl.b3p.tailormap.api.health,MonitoringConfiguration,0,8,0,0,0,2,0,2,0,2
Aggregate Test Coverage,nl.b3p.tailormap.api.security,AuthUtil,19,11,6,2,6,4,5,1,1,1
Aggregate Test Coverage,nl.b3p.tailormap.api.security,TailormapUserDetails,0,38,0,0,0,12,0,9,0,9
Aggregate Test Coverage,nl.b3p.tailormap.api.security,StartupAdminAccountCreator,75,0,2,0,17,0,3,0,2,0
Aggregate Test Coverage,nl.b3p.tailormap.api.security,TailormapUserDetailsService,0,34,0,2,0,7,0,3,0,2
Aggregate Test Coverage,nl.b3p.tailormap.api.security,SecurityConfig,0,36,0,0,0,14,0,2,0,2
Aggregate Test Coverage,nl.b3p.tailormap.api.exception,TailormapException,19,4,0,0,8,2,4,1,4,1
Aggregate Test Coverage,nl.b3p.tailormap.api.exception,TailormapConfigurationException,19,4,0,0,8,2,4,1,4,1
Aggregate Test Coverage,nl.b3p.tailormap.api.exception,BadRequestException,19,4,0,0,8,2,4,1,4,1
Aggregate Test Coverage,nl.b3p.tailormap.api.util,ParseUtil,3,18,0,0,1,3,1,2,1,2
Aggregate Test Coverage,nl.b3p.tailormap.api.geotools.featuresources,FeatureSourceFactoryHelper,34,0,4,0,10,0,6,0,4,0
Aggregate Test Coverage,nl.b3p.tailormap.api.geotools.featuresources,JDBCFeatureSourceHelper,150,0,6,0,29,0,9,0,6,0
Aggregate Test Coverage,nl.b3p.tailormap.api.geotools.featuresources,FeatureSourceHelper,19,0,0,0,3,0,3,0,3,0
Aggregate Test Coverage,nl.b3p.tailormap.api.geotools.featuresources,WFSFeatureSourceHelper,145,0,14,0,31,0,13,0,6,0
Aggregate Test Coverage,nl.b3p.tailormap.api,TailormapApiApplication,5,3,0,0,2,1,1,1,1,1
Aggregate Test Coverage,nl.b3p.tailormap.api,JPAConfiguration,0,111,0,0,0,28,0,6,0,6
Aggregate Test Coverage,nl.b3p.tailormap.api,FilteringConfig,0,36,0,0,0,7,0,2,0,2
Aggregate Test Coverage,nl.b3p.tailormap.api.model,MapResponse,272,99,26,4,53,30,30,15,15,15
Aggregate Test Coverage,nl.b3p.tailormap.api.model,ColumnMetadata.TypeEnum,125,0,4,0,17,0,7,0,5,0
Aggregate Test Coverage,nl.b3p.tailormap.api.model,LayerDetails.GeometryTypeEnum,125,0,4,0,17,0,7,0,5,0
Aggregate Test Coverage,nl.b3p.tailormap.api.model,LayerTreeNode,180,61,18,2,33,21,18,13,9,12
Aggregate Test Coverage,nl.b3p.tailormap.api.model,ComponentConfig,168,8,16,0,34,3,20,2,12,2
Aggregate Test Coverage,nl.b3p.tailormap.api.model,Service.TilingProtocolEnum,10,60,1,3,2,10,2,5,1,4
Aggregate Test Coverage,nl.b3p.tailormap.api.model,RedirectResponse,112,16,12,0,25,6,14,3,8,3
Aggregate Test Coverage,nl.b3p.tailormap.api.model,Service.ServerTypeEnum,33,59,4,0,5,9,4,3,2,3
Aggregate Test Coverage,nl.b3p.tailormap.api.model,Service,205,229,16,14,46,48,30,23,15,23
Aggregate Test Coverage,nl.b3p.tailormap.api.model,Component,102,19,12,0,21,7,12,5,6,5
Aggregate Test Coverage,nl.b3p.tailormap.api.model,AppLayer,341,86,30,0,59,32,31,22,16,22
Aggregate Test Coverage,nl.b3p.tailormap.api.model,ErrorResponse,102,26,12,0,21,10,12,5,6,5
Aggregate Test Coverage,nl.b3p.tailormap.api.model,LayerDetailsRelationsInner.TypeEnum,70,0,4,0,12,0,7,0,5,0
Aggregate Test Coverage,nl.b3p.tailormap.api.model,AppResponse.LangEnum,12,58,2,2,2,10,3,4,1,4
Aggregate Test Coverage,nl.b3p.tailormap.api.model,Feature,168,0,14,0,38,0,22,0,15,0
Aggregate Test Coverage,nl.b3p.tailormap.api.model,CoordinateReferenceSystem,133,28,14,0,27,10,15,6,8,6
Aggregate Test Coverage,nl.b3p.tailormap.api.model,Attribute,683,0,46,0,145,0,83,0,60,0
Aggregate Test Coverage,nl.b3p.tailormap.api.model,AppResponse,253,69,24,0,47,25,25,14,13,14
Aggregate Test Coverage,nl.b3p.tailormap.api.model,LayerDetails,436,0,32,0,97,0,53,0,37,0
Aggregate Test Coverage,nl.b3p.tailormap.api.model,Bounds,180,46,18,0,33,17,18,11,9,11
Aggregate Test Coverage,nl.b3p.tailormap.api.model,LayerDetailsRelationsInner,155,0,14,0,35,0,21,0,14,0
Aggregate Test Coverage,nl.b3p.tailormap.api.model,AppLayer.HiDpiModeEnum,92,0,4,0,14,0,7,0,5,0
Aggregate Test Coverage,nl.b3p.tailormap.api.model,Attribute.TypeEnum,191,0,4,0,23,0,7,0,5,0
Aggregate Test Coverage,nl.b3p.tailormap.api.model,Service.ProtocolEnum,10,71,1,3,2,11,2,5,1,4
Aggregate Test Coverage,nl.b3p.tailormap.api.model,FeaturesResponse,235,37,22,0,51,11,27,6,16,6
Aggregate Test Coverage,nl.b3p.tailormap.api.model,ColumnMetadata,158,0,14,0,36,0,21,0,14,0
Aggregate Test Coverage,nl.b3p.tailormap.api.geotools.processing,GeometryProcessor,16,129,5,13,6,32,5,8,0,4
